Сборка начата 01.03.2025 12:13:49.
Уровень детализации журнала: Normal.     1>Проект "C:\лабы\Бурмакова\Математическое программирование\MP-4sem\2\lab2\Knapsack\Knapsack.vcxproj" в узле 2 (целевые объекты Build).
     1>PrepareForBuild:
         Структурированный вывод включен. Форматирование диагностики компилятора будет отражать иерархию ошибок. Подробнее см. https://aka.ms/cpp/structured-output.
       InitializeBuildStatus:
         Создание "x64\Debug\Knapsack.tlog\unsuccessfulbuild", так как было задано "AlwaysCreate".
         Обращение к "x64\Debug\Knapsack.tlog\unsuccessfulbuild".
       ClCompile:
         C:\Program Files\Microsoft Visual Studio\2022\Community\VC\Tools\MSVC\14.41.34120\bin\HostX64\x64\CL.exe /c /ZI /JMC /nologo /W3 /WX- /diagnostics:column /sdl /Od /D _DEBUG /D _CONSOLE /D _UNICODE /D UNICODE /Gm- /EHsc /RTC1 /MDd /GS /fp:precise /Zc:wchar_t /Zc:forScope /Zc:inline /permissive- /Fo"x64\Debug\\" /Fd"x64\Debug\vc143.pdb" /external:W3 /Gd /TP /FC /errorReport:prompt main.cpp
         main.cpp
     1>C:\лабы\Бурмакова\Математическое программирование\MP-4sem\2\lab2\Subsets\Combi.cpp(46,37): warning C4334: <<: результат 32-разрядного смещения неявно преобразуется в 64-разрядное значение (предполагалось 64-разрядное смещение?)
         (компиляция исходного файла "main.cpp")
         
     1>C:\лабы\Бурмакова\Математическое программирование\MP-4sem\2\lab2\Knapsack\main.cpp(14,15): warning C4244: аргумент: преобразование "time_t" в "unsigned int", возможна потеря данных
       Link:
         C:\Program Files\Microsoft Visual Studio\2022\Community\VC\Tools\MSVC\14.41.34120\bin\HostX64\x64\link.exe /ERRORREPORT:PROMPT /OUT:"C:\лабы\Бурмакова\Математическое программирование\MP-4sem\2\lab2\x64\Debug\Knapsack.exe" /INCREMENTAL /ILK:"x64\Debug\Knapsack.ilk" /NOLOGO kernel32.lib user32.lib gdi32.lib winspool.lib comdlg32.lib advapi32.lib shell32.lib ole32.lib oleaut32.lib uuid.lib odbc32.lib odbccp32.lib /MANIFEST /MANIFESTUAC:"level='asInvoker' uiAccess='false'" /manifest:embed /DEBUG /PDB:"C:\лабы\Бурмакова\Математическое программирование\MP-4sem\2\lab2\x64\Debug\Knapsack.pdb" /SUBSYSTEM:CONSOLE /TLBID:1 /DYNAMICBASE /NXCOMPAT /IMPLIB:"C:\лабы\Бурмакова\Математическое программирование\MP-4sem\2\lab2\x64\Debug\Knapsack.lib" /MACHINE:X64 x64\Debug\knapsack_s.obj
         x64\Debug\main.obj
         Knapsack.vcxproj -> C:\лабы\Бурмакова\Математическое программирование\MP-4sem\2\lab2\x64\Debug\Knapsack.exe
       FinalizeBuildStatus:
         Файл "x64\Debug\Knapsack.tlog\unsuccessfulbuild" удаляется.
         Обращение к "x64\Debug\Knapsack.tlog\Knapsack.lastbuildstate".
     1>Сборка проекта "C:\лабы\Бурмакова\Математическое программирование\MP-4sem\2\lab2\Knapsack\Knapsack.vcxproj" завершена (целевые объекты Build).

Сборка успешно завершена.

       "C:\лабы\Бурмакова\Математическое программирование\MP-4sem\2\lab2\Knapsack\Knapsack.vcxproj" (целевой объект Build ) (1) ->
       (Целевой объект ClCompile) -> 
         C:\лабы\Бурмакова\Математическое программирование\MP-4sem\2\lab2\Subsets\Combi.cpp(46,37): warning C4334: <<: результат 32-разрядного смещения неявно преобразуется в 64-разрядное значение (предполагалось 64-разрядное смещение?)
         C:\лабы\Бурмакова\Математическое программирование\MP-4sem\2\lab2\Knapsack\main.cpp(14,15): warning C4244: аргумент: преобразование "time_t" в "unsigned int", возможна потеря данных

    Предупреждений: 2
    Ошибок: 0

Прошло времени 00:00:00.70
